<?xml version="1.0" encoding="UTF-8"?>
<!-- Generated by org.testng.reporters.JUnitReportReporter -->
<testsuite skipped="0" hostname="emuriuki" name="MegaMenu.MegaMenu" tests="2" failures="0" timestamp="19 Nov 2018 13:39:21 GMT" time="9.374" errors="0">
  <testcase name="hoverOnMenu" time="3.173" classname="MegaMenu.MegaMenu"/>
  <testcase name="navigateToBanking" time="6.201" classname="MegaMenu.MegaMenu"/>
</testsuite> <!-- MegaMenu.MegaMenu -->
